INFO:sim:172 - Generating IP...
Resolving generics for 'weight_out'...
Applying external generics to 'weight_out'...
Delivering associated files for 'weight_out'...
Delivering EJava files for 'weight_out'...
Generating implementation netlist for 'weight_out'...
INFO:sim - Pre-processing HDL files for 'weight_out'...
Running synthesis for 'weight_out'
Running ngcbuild...
Writing VHO instantiation template for 'weight_out'...
Writing VHDL behavioral simulation model for 'weight_out'...
WARNING:sim - Overwriting existing file
   C:/Users/saidwivedi/OneDrive/Project/NIT/ANN_Final/ipcore_dir/tmp/_cg/weight_
   out/doc/blk_mem_gen_v7_3_vinfo.html with file from view xilinx_documentation
Delivered 1 file into directory
C:/Users/saidwivedi/OneDrive/Project/NIT/ANN_Final/ipcore_dir/tmp/_cg/weight_out
Generating ASY schematic symbol...
INFO:sim:949 - Finished generation of ASY schematic symbol.
Generating SYM schematic symbol for 'weight_out'...
Generating metadata file...
Generating ISE project file for 'weight_out'...
Generating ISE project...
XCO file found: weight_out.xco
XMDF file found: weight_out_xmdf.tcl
Adding
C:/Users/saidwivedi/OneDrive/Project/NIT/ANN_Final/ipcore_dir/tmp/_cg/weight_out
.asy -view all -origin_type imported
Adding
C:/Users/saidwivedi/OneDrive/Project/NIT/ANN_Final/ipcore_dir/tmp/_cg/weight_out
.ngc -view all -origin_type created
Checking file
"C:/Users/saidwivedi/OneDrive/Project/NIT/ANN_Final/ipcore_dir/tmp/_cg/weight_ou
t.ngc" for project device match ...
File
"C:/Users/saidwivedi/OneDrive/Project/NIT/ANN_Final/ipcore_dir/tmp/_cg/weight_ou
t.ngc" device information matches project device.
Adding
C:/Users/saidwivedi/OneDrive/Project/NIT/ANN_Final/ipcore_dir/tmp/_cg/weight_out
.sym -view all -origin_type imported
Adding
C:/Users/saidwivedi/OneDrive/Project/NIT/ANN_Final/ipcore_dir/tmp/_cg/weight_out
.vhd -view all -origin_type created
INFO:HDLCompiler:1061 - Parsing VHDL file
   "C:/Users/saidwivedi/OneDrive/Project/NIT/ANN_Final/ipcore_dir/tmp/_cg/weight
   _out.vhd" into library work
INFO:ProjectMgmt - Parsing design hierarchy completed successfully.
Adding
C:/Users/saidwivedi/OneDrive/Project/NIT/ANN_Final/ipcore_dir/tmp/_cg/weight_out
.vho -view all -origin_type imported
INFO:TclTasksC:2116 - The automatic calculation of top has been turned-off.
   Please set the new top explicitly by running the "project set top" command.
   To re-calculate the new top automatically, set the "Auto Implementation Top"
   property to true.
Top level has been set to "/weight_out"
Generating README file...
Generating FLIST file...
INFO:sim:948 - Finished FLIST file generation.
Launching README viewer...
Moving files to output directory...
Finished moving files to output directory
Wrote CGP file for project 'weight_out'.
