#:C0     
#Xilinx FPGA Editor Command Log File
#Editor Version:
#:V   NT M2.1 P.20131013
#Current Working Directory:
#:D   C:\Users\saidwivedi\OneDrive\Project\NIT\ANN_Final
#Date/Time:
#:T   Wed Jul 08 11:01:44 2015
#------------------------------
	#Reading controller.ncd...
	#Loading device for application Rf_Device from file '7a100t.nph' in environment C:\Xilinx\14.7\ISE_DS\ISE\.
	#   "controller" is an NCD, version 3.2, device xc7a100t, package csg324, speed -1
	#Design creation date: 2015.07.07.13.49.12
	#Building chip graphics...
	#Loading speed info...
	#1
setattr main edit-mode no-logic-changes
	#2
unselect -all
	#3
unselect -all
	#4
select site 'SLICE_X33Y100'
	#site "SLICE_X33Y100",  type = SLICEL  (RPM grid X91Y200)
